<?xml version="1.0" encoding="UTF-8"?>
<testsuite xmlns:xsi="http://www.w3.org/2001/XMLSchema-instance" xsi:noNamespaceSchemaLocation="https://maven.apache.org/surefire/maven-surefire-plugin/xsd/surefire-test-report.xsd" name="TestCourierCreation" time="7.136" tests="7" errors="0" skipped="0" failures="0">
  <properties>
[...]
</properties>
  <testcase name="return_correct_response_code" classname="TestCourierCreation" time="4.334"/>
  <testcase name="return_error_without_login" classname="TestCourierCreation" time="1.42"/>
  <testcase name="create_courier_return_200_Test" classname="TestCourierCreation" time="0.116"/>
  <testcase name="create_two_identical_login" classname="TestCourierCreation" time="0.364"/>
  <testcase name="should_be_all_required_fields_for_creation" classname="TestCourierCreation" time="0.169"/>
  <testcase name="cannot_create_two_identical_couriers" classname="TestCourierCreation" time="0.247"/>
  <testcase name="return_response_true" classname="TestCourierCreation" time="0.116"/>
</testsuite>